<?xml version="1.0" encoding="UTF-8"?>
<!-- Generated by org.testng.reporters.JUnitReportReporter -->
<testsuite hostname="surendranath" failures="0" tests="1" name="testNGweek7.testNGweek7class" time="0.007" errors="0" timestamp="2021-08-31T04:59:17 PDT" skipped="0">
  <testcase classname="testNGweek7.testNGweek7class" name="f" time="0.007"/>
  <system-out/>
</testsuite> <!-- testNGweek7.testNGweek7class -->
